2016-12-09 20:00:05 WARN  NativeCodeLoader:62 - Unable to load native-hadoop library for your platform... using builtin-java classes where applicable
2016-12-09 20:00:05 INFO  deprecation:1173 - session.id is deprecated. Instead, use dfs.metrics.session-id
2016-12-09 20:00:05 INFO  JvmMetrics:76 - Initializing JVM Metrics with processName=JobTracker, sessionId=
2016-12-09 20:00:05 WARN  JobResourceUploader:171 - No job jar file set.  User classes may not be found. See Job or Job#setJar(String).
2016-12-09 20:00:05 INFO  FileInputFormat:283 - Total input paths to process : 1
2016-12-09 20:00:05 INFO  JobSubmitter:198 - number of splits:3
2016-12-09 20:00:05 INFO  JobSubmitter:287 - Submitting tokens for job: job_local1341263440_0001
2016-12-09 20:00:06 INFO  Job:1294 - The url to track the job: http://localhost:8080/
2016-12-09 20:00:06 INFO  Job:1339 - Running job: job_local1341263440_0001
2016-12-09 20:00:06 INFO  LocalJobRunner:471 - OutputCommitter set in config null
2016-12-09 20:00:06 INFO  FileOutputCommitter:108 - File Output Committer Algorithm version is 1
2016-12-09 20:00:06 INFO  LocalJobRunner:489 - OutputCommitter is org.apache.hadoop.mapreduce.lib.output.FileOutputCommitter
2016-12-09 20:00:06 INFO  LocalJobRunner:448 - Waiting for map tasks
2016-12-09 20:00:06 INFO  LocalJobRunner:224 - Starting task: attempt_local1341263440_0001_m_000000_0
2016-12-09 20:00:06 INFO  FileOutputCommitter:108 - File Output Committer Algorithm version is 1
2016-12-09 20:00:06 INFO  ProcfsBasedProcessTree:192 - ProcfsBasedProcessTree currently is supported only on Linux.
2016-12-09 20:00:06 INFO  Task:612 -  Using ResourceCalculatorProcessTree : null
2016-12-09 20:00:06 INFO  MapTask:756 - Processing split: file:/Users/jain.san/Documents/workspace/BirdSightingPredictionProjectMR/unlabeled.csv.bz2:0+33554432
2016-12-09 20:00:06 INFO  MapTask:1205 - (EQUATOR) 0 kvi 26214396(104857584)
2016-12-09 20:00:06 INFO  MapTask:998 - mapreduce.task.io.sort.mb: 100
2016-12-09 20:00:06 INFO  MapTask:999 - soft limit at 83886080
2016-12-09 20:00:06 INFO  MapTask:1000 - bufstart = 0; bufvoid = 104857600
2016-12-09 20:00:06 INFO  MapTask:1001 - kvstart = 26214396; length = 6553600
2016-12-09 20:00:06 INFO  MapTask:403 - Map output collector class = org.apache.hadoop.mapred.MapTask$MapOutputBuffer
2016-12-09 20:00:06 INFO  CodecPool:181 - Got brand-new decompressor [.bz2]
2016-12-09 20:00:07 INFO  Job:1360 - Job job_local1341263440_0001 running in uber mode : false
2016-12-09 20:00:07 INFO  Job:1367 -  map 0% reduce 0%
2016-12-09 20:00:12 INFO  LocalJobRunner:591 - map > map
2016-12-09 20:00:13 INFO  Job:1367 -  map 6% reduce 0%
2016-12-09 20:00:15 INFO  LocalJobRunner:591 - map > map
2016-12-09 20:00:16 INFO  Job:1367 -  map 9% reduce 0%
2016-12-09 20:00:18 INFO  LocalJobRunner:591 - map > map
2016-12-09 20:00:19 INFO  Job:1367 -  map 12% reduce 0%
2016-12-09 20:00:21 INFO  LocalJobRunner:591 - map > map
2016-12-09 20:00:22 INFO  Job:1367 -  map 16% reduce 0%
2016-12-09 20:00:24 INFO  LocalJobRunner:591 - map > map
2016-12-09 20:00:25 INFO  Job:1367 -  map 19% reduce 0%
2016-12-09 20:00:26 INFO  LocalJobRunner:591 - map > map
2016-12-09 20:00:26 INFO  MapTask:1460 - Starting flush of map output
2016-12-09 20:00:26 INFO  MapTask:1482 - Spilling map output
2016-12-09 20:00:26 INFO  MapTask:1483 - bufstart = 0; bufend = 16682613; bufvoid = 104857600
2016-12-09 20:00:26 INFO  MapTask:1485 - kvstart = 26214396(104857584); kvend = 25896352(103585408); length = 318045/6553600
2016-12-09 20:00:27 INFO  LocalJobRunner:591 - map > sort
2016-12-09 20:00:27 INFO  MapTask:1667 - Finished spill 0
2016-12-09 20:00:27 INFO  Task:1038 - Task:attempt_local1341263440_0001_m_000000_0 is done. And is in the process of committing
2016-12-09 20:00:27 INFO  LocalJobRunner:591 - map
2016-12-09 20:00:27 INFO  Task:1158 - Task 'attempt_local1341263440_0001_m_000000_0' done.
2016-12-09 20:00:27 INFO  LocalJobRunner:249 - Finishing task: attempt_local1341263440_0001_m_000000_0
2016-12-09 20:00:27 INFO  LocalJobRunner:224 - Starting task: attempt_local1341263440_0001_m_000001_0
2016-12-09 20:00:27 INFO  FileOutputCommitter:108 - File Output Committer Algorithm version is 1
2016-12-09 20:00:27 INFO  ProcfsBasedProcessTree:192 - ProcfsBasedProcessTree currently is supported only on Linux.
2016-12-09 20:00:27 INFO  Task:612 -  Using ResourceCalculatorProcessTree : null
2016-12-09 20:00:27 INFO  MapTask:756 - Processing split: file:/Users/jain.san/Documents/workspace/BirdSightingPredictionProjectMR/unlabeled.csv.bz2:33554432+33554432
2016-12-09 20:00:27 INFO  MapTask:1205 - (EQUATOR) 0 kvi 26214396(104857584)
2016-12-09 20:00:27 INFO  MapTask:998 - mapreduce.task.io.sort.mb: 100
2016-12-09 20:00:27 INFO  MapTask:999 - soft limit at 83886080
2016-12-09 20:00:27 INFO  MapTask:1000 - bufstart = 0; bufvoid = 104857600
2016-12-09 20:00:27 INFO  MapTask:1001 - kvstart = 26214396; length = 6553600
2016-12-09 20:00:27 INFO  MapTask:403 - Map output collector class = org.apache.hadoop.mapred.MapTask$MapOutputBuffer
2016-12-09 20:00:28 INFO  Job:1367 -  map 100% reduce 0%
2016-12-09 20:00:33 INFO  LocalJobRunner:591 - map > map
2016-12-09 20:00:34 INFO  Job:1367 -  map 40% reduce 0%
2016-12-09 20:00:36 INFO  LocalJobRunner:591 - map > map
2016-12-09 20:00:37 INFO  Job:1367 -  map 43% reduce 0%
2016-12-09 20:00:39 INFO  LocalJobRunner:591 - map > map
2016-12-09 20:00:40 INFO  Job:1367 -  map 47% reduce 0%
2016-12-09 20:00:42 INFO  LocalJobRunner:591 - map > map
2016-12-09 20:00:43 INFO  Job:1367 -  map 50% reduce 0%
2016-12-09 20:00:45 INFO  LocalJobRunner:591 - map > map
2016-12-09 20:00:46 INFO  Job:1367 -  map 54% reduce 0%
2016-12-09 20:00:46 INFO  LocalJobRunner:591 - map > map
2016-12-09 20:00:46 INFO  MapTask:1460 - Starting flush of map output
2016-12-09 20:00:46 INFO  MapTask:1482 - Spilling map output
2016-12-09 20:00:46 INFO  MapTask:1483 - bufstart = 0; bufend = 15220289; bufvoid = 104857600
2016-12-09 20:00:46 INFO  MapTask:1485 - kvstart = 26214396(104857584); kvend = 25900848(103603392); length = 313549/6553600
2016-12-09 20:00:46 INFO  MapTask:1667 - Finished spill 0
2016-12-09 20:00:46 INFO  Task:1038 - Task:attempt_local1341263440_0001_m_000001_0 is done. And is in the process of committing
2016-12-09 20:00:46 INFO  LocalJobRunner:591 - map
2016-12-09 20:00:46 INFO  Task:1158 - Task 'attempt_local1341263440_0001_m_000001_0' done.
2016-12-09 20:00:46 INFO  LocalJobRunner:249 - Finishing task: attempt_local1341263440_0001_m_000001_0
2016-12-09 20:00:46 INFO  LocalJobRunner:224 - Starting task: attempt_local1341263440_0001_m_000002_0
2016-12-09 20:00:46 INFO  FileOutputCommitter:108 - File Output Committer Algorithm version is 1
2016-12-09 20:00:46 INFO  ProcfsBasedProcessTree:192 - ProcfsBasedProcessTree currently is supported only on Linux.
2016-12-09 20:00:46 INFO  Task:612 -  Using ResourceCalculatorProcessTree : null
2016-12-09 20:00:46 INFO  MapTask:756 - Processing split: file:/Users/jain.san/Documents/workspace/BirdSightingPredictionProjectMR/unlabeled.csv.bz2:67108864+15500685
2016-12-09 20:00:46 INFO  MapTask:1205 - (EQUATOR) 0 kvi 26214396(104857584)
2016-12-09 20:00:46 INFO  MapTask:998 - mapreduce.task.io.sort.mb: 100
2016-12-09 20:00:46 INFO  MapTask:999 - soft limit at 83886080
2016-12-09 20:00:46 INFO  MapTask:1000 - bufstart = 0; bufvoid = 104857600
2016-12-09 20:00:46 INFO  MapTask:1001 - kvstart = 26214396; length = 6553600
2016-12-09 20:00:46 INFO  MapTask:403 - Map output collector class = org.apache.hadoop.mapred.MapTask$MapOutputBuffer
2016-12-09 20:00:47 INFO  Job:1367 -  map 100% reduce 0%
2016-12-09 20:00:52 INFO  LocalJobRunner:591 - map > map
2016-12-09 20:00:53 INFO  Job:1367 -  map 83% reduce 0%
2016-12-09 20:00:55 INFO  LocalJobRunner:591 - map > map
2016-12-09 20:00:55 INFO  MapTask:1460 - Starting flush of map output
2016-12-09 20:00:55 INFO  MapTask:1482 - Spilling map output
2016-12-09 20:00:55 INFO  MapTask:1483 - bufstart = 0; bufend = 5750698; bufvoid = 104857600
2016-12-09 20:00:55 INFO  MapTask:1485 - kvstart = 26214396(104857584); kvend = 26087996(104351984); length = 126401/6553600
2016-12-09 20:00:55 INFO  MapTask:1667 - Finished spill 0
2016-12-09 20:00:55 INFO  Task:1038 - Task:attempt_local1341263440_0001_m_000002_0 is done. And is in the process of committing
2016-12-09 20:00:55 INFO  LocalJobRunner:591 - map
2016-12-09 20:00:55 INFO  Task:1158 - Task 'attempt_local1341263440_0001_m_000002_0' done.
2016-12-09 20:00:55 INFO  LocalJobRunner:249 - Finishing task: attempt_local1341263440_0001_m_000002_0
2016-12-09 20:00:55 INFO  LocalJobRunner:456 - map task executor complete.
2016-12-09 20:00:55 INFO  LocalJobRunner:448 - Waiting for reduce tasks
2016-12-09 20:00:55 INFO  LocalJobRunner:302 - Starting task: attempt_local1341263440_0001_r_000000_0
2016-12-09 20:00:55 INFO  FileOutputCommitter:108 - File Output Committer Algorithm version is 1
2016-12-09 20:00:55 INFO  ProcfsBasedProcessTree:192 - ProcfsBasedProcessTree currently is supported only on Linux.
2016-12-09 20:00:55 INFO  Task:612 -  Using ResourceCalculatorProcessTree : null
2016-12-09 20:00:55 INFO  ReduceTask:362 - Using ShuffleConsumerPlugin: org.apache.hadoop.mapreduce.task.reduce.Shuffle@54e5a42b
2016-12-09 20:00:55 INFO  MergeManagerImpl:197 - MergerManager: memoryLimit=18707171328, maxSingleShuffleLimit=4676792832, mergeThreshold=12346733568, ioSortFactor=10, memToMemMergeOutputsThreshold=10
2016-12-09 20:00:55 INFO  EventFetcher:61 - attempt_local1341263440_0001_r_000000_0 Thread started: EventFetcher for fetching Map Completion Events
2016-12-09 20:00:55 INFO  LocalFetcher:144 - localfetcher#1 about to shuffle output of map attempt_local1341263440_0001_m_000002_0 decomp: 5840355 len: 5840359 to MEMORY
2016-12-09 20:00:55 INFO  InMemoryMapOutput:100 - Read 5840355 bytes from map-output for attempt_local1341263440_0001_m_000002_0
2016-12-09 20:00:55 INFO  MergeManagerImpl:315 - closeInMemoryFile -> map-output of size: 5840355, inMemoryMapOutputs.size() -> 1, commitMemory -> 0, usedMemory ->5840355
2016-12-09 20:00:55 INFO  LocalFetcher:144 - localfetcher#1 about to shuffle output of map attempt_local1341263440_0001_m_000001_0 decomp: 15449924 len: 15449928 to MEMORY
2016-12-09 20:00:55 INFO  InMemoryMapOutput:100 - Read 15449924 bytes from map-output for attempt_local1341263440_0001_m_000001_0
2016-12-09 20:00:55 INFO  MergeManagerImpl:315 - closeInMemoryFile -> map-output of size: 15449924, inMemoryMapOutputs.size() -> 2, commitMemory -> 5840355, usedMemory ->21290279
2016-12-09 20:00:55 INFO  LocalFetcher:144 - localfetcher#1 about to shuffle output of map attempt_local1341263440_0001_m_000000_0 decomp: 16924322 len: 16924326 to MEMORY
2016-12-09 20:00:55 INFO  InMemoryMapOutput:100 - Read 16924322 bytes from map-output for attempt_local1341263440_0001_m_000000_0
2016-12-09 20:00:55 INFO  MergeManagerImpl:315 - closeInMemoryFile -> map-output of size: 16924322, inMemoryMapOutputs.size() -> 3, commitMemory -> 21290279, usedMemory ->38214601
2016-12-09 20:00:55 INFO  EventFetcher:76 - EventFetcher is interrupted.. Returning
2016-12-09 20:00:55 INFO  LocalJobRunner:591 - 3 / 3 copied.
2016-12-09 20:00:55 INFO  MergeManagerImpl:687 - finalMerge called with 3 in-memory map-outputs and 0 on-disk map-outputs
2016-12-09 20:00:55 INFO  Merger:606 - Merging 3 sorted segments
2016-12-09 20:00:55 INFO  Merger:705 - Down to the last merge-pass, with 3 segments left of total size: 38214564 bytes
2016-12-09 20:00:55 INFO  MergeManagerImpl:754 - Merged 3 segments, 38214601 bytes to disk to satisfy reduce memory limit
2016-12-09 20:00:55 INFO  MergeManagerImpl:784 - Merging 1 files, 38214601 bytes from disk
2016-12-09 20:00:55 INFO  MergeManagerImpl:799 - Merging 0 segments, 0 bytes from memory into reduce
2016-12-09 20:00:55 INFO  Merger:606 - Merging 1 sorted segments
2016-12-09 20:00:55 INFO  Merger:705 - Down to the last merge-pass, with 1 segments left of total size: 38214584 bytes
2016-12-09 20:00:55 INFO  LocalJobRunner:591 - 3 / 3 copied.
2016-12-09 20:00:55 INFO  deprecation:1173 - mapred.skip.on is deprecated. Instead, use mapreduce.job.skiprecords
2016-12-09 20:00:56 INFO  Job:1367 -  map 100% reduce 0%
2016-12-09 20:00:57 INFO  Task:1038 - Task:attempt_local1341263440_0001_r_000000_0 is done. And is in the process of committing
2016-12-09 20:00:57 INFO  LocalJobRunner:591 - 3 / 3 copied.
2016-12-09 20:00:57 INFO  Task:1199 - Task attempt_local1341263440_0001_r_000000_0 is allowed to commit now
2016-12-09 20:00:57 INFO  FileOutputCommitter:535 - Saved output of task 'attempt_local1341263440_0001_r_000000_0' to file:/Users/jain.san/Documents/workspace/BirdSightingPredictionProjectMR/log-final-prediction/_temporary/0/task_local1341263440_0001_r_000000
2016-12-09 20:00:57 INFO  LocalJobRunner:591 - reduce > reduce
2016-12-09 20:00:57 INFO  Task:1158 - Task 'attempt_local1341263440_0001_r_000000_0' done.
2016-12-09 20:00:57 INFO  LocalJobRunner:325 - Finishing task: attempt_local1341263440_0001_r_000000_0
2016-12-09 20:00:57 INFO  LocalJobRunner:456 - reduce task executor complete.
2016-12-09 20:00:57 INFO  Job:1367 -  map 100% reduce 100%
2016-12-09 20:00:57 INFO  Job:1378 - Job job_local1341263440_0001 completed successfully
2016-12-09 20:00:57 INFO  Job:1385 - Counters: 30
	File System Counters
		FILE: Number of bytes read=343312359
		FILE: Number of bytes written=167387223
		FILE: Number of read operations=0
		FILE: Number of large read operations=0
		FILE: Number of write operations=0
	Map-Reduce Framework
		Map input records=189502
		Map output records=189501
		Map output bytes=37653600
		Map output materialized bytes=38214613
		Input split bytes=465
		Combine input records=0
		Combine output records=0
		Reduce input groups=189501
		Reduce shuffle bytes=38214613
		Reduce input records=189501
		Reduce output records=189501
		Spilled Records=379002
		Shuffled Maps =3
		Failed Shuffles=0
		Merged Map outputs=3
		GC time elapsed (ms)=377
		Total committed heap usage (bytes)=8249147392
	Shuffle Errors
		BAD_ID=0
		CONNECTION=0
		IO_ERROR=0
		WRONG_LENGTH=0
		WRONG_MAP=0
		WRONG_REDUCE=0
	File Input Format Counters 
		Bytes Read=82851223
	File Output Format Counters 
		Bytes Written=2291788
